<?xml version="1.0" encoding="UTF-8"?>
<!-- Generated by org.testng.reporters.JUnitXMLReporter -->
<testsuite ignored="0" hostname="Ruslans-MacBook-Pro.local" failures="1" tests="1" name="Validate Title Test" time="0.031" errors="0" timestamp="2023-08-31T01:01:47 EEST">
  <testcase classname="testcases.TestCase2" name="validateTitles" time="0.016">
    <failure type="java.lang.AssertionError" message="The following asserts failed:
	expected [Yahoo.com] but found [gmail.com],
	expected [false] but found [true],
	expected [false] but found [true]">
      <![CDATA[java.lang.AssertionError: The following asserts failed:
expected [Yahoo.com] but found [gmail.com],
expected [false] but found [true],
expected [false] but found [true]
at testcases.TestCase2.validateTitles(TestCase2.java:26)
at java.base/java.util.ArrayList.forEach(ArrayList.java:1507)
at com.intellij.rt.testng.IDEARemoteTestNG.run(IDEARemoteTestNG.java:66)
at com.intellij.rt.testng.RemoteTestNGStarter.main(RemoteTestNGStarter.java:109)
... Removed 26 stack frames]]>
    </failure>
  </testcase> <!-- validateTitles -->
</testsuite> <!-- Validate Title Test -->
