<!DOCTYPE html PUBLIC "-//W3C//DTD XHTML 1.1//EN" "https://www.w3.org/TR/xhtml11/DTD/xhtml11.dtd">
<html xmlns="https://www.w3.org/1999/xhtml">
<head>
<meta http-equiv="content-type" content="text/html; charset=UTF-8"/>
<title>TestNG Report</title>
<style type="text/css">table {margin-bottom:10px;border-collapse:collapse;empty-cells:show}th,td {border:1px solid #009;padding:.25em .5em}th {vertical-align:bottom}td {vertical-align:top}table a {font-weight:bold}.stripe td {background-color: #E6EBF9}.num {text-align:right}.passedodd td {background-color: #3F3}.passedeven td {background-color: #0A0}.skippedodd td {background-color: #DDD}.skippedeven td {background-color: #CCC}.failedodd td,.attn {background-color: #F33}.failedeven td,.stripe .attn {background-color: #D00}.stacktrace {white-space:pre;font-family:monospace}.totop {font-size:85%;text-align:center;border-bottom:2px solid #000}.invisible {display:none}</style>
</head>
<body>
<table>
<tr><th>Test</th><th># Passed</th><th># Skipped</th><th># Retried</th><th># Failed</th><th>Time (ms)</th><th>Included Groups</th><th>Excluded Groups</th></tr>
<tr><th colspan="8">Surefire suite</th></tr>
<tr><td><a href="#t0">Surefire test</a></td><td class="num">10</td><td class="num attn">2</td><td class="num">0</td><td class="num attn">9</td><td class="num">7,961</td><td></td><td></td></tr>
</table>
<table id='summary'><thead><tr><th>Class</th><th>Method</th><th>Start</th><th>Time (ms)</th></tr></thead><tbody><tr><th colspan="4">Surefire suite</th></tr></tbody><tbody id="t0"><tr><th colspan="4">Surefire test &#8212; failed</th></tr><tr class="failedeven"><td rowspan="1">parallelTest.TestBrowser</td><td><a href="#m0">doLogin</a></td><td rowspan="1">1694733089975</td><td rowspan="1">0</td></tr><tr class="failedodd"><td rowspan="3">parallelTest.TestInvocation</td><td><a href="#m1">executeTest</a></td><td rowspan="3">1694733084087</td><td rowspan="3">5604</td></tr><tr class="failedodd"><td><a href="#m2">executeTest</a></td></tr><tr class="failedodd"><td><a href="#m3">executeTest</a></td></tr><tr class="failedeven"><td rowspan="1">parameterization.TestParameterization</td><td><a href="#m4">doLogin</a></td><td rowspan="1">1694733084078</td><td rowspan="1">0</td></tr><tr class="failedodd"><td rowspan="1">regression.TestCase2</td><td><a href="#m5">validateTitles</a></td><td rowspan="1">1694733091988</td><td rowspan="1">24</td></tr><tr class="failedeven"><td rowspan="1">testcases.TestCase2</td><td><a href="#m6">validateTitles</a></td><td rowspan="1">1694733092017</td><td rowspan="1">1</td></tr><tr class="failedodd"><td rowspan="1">testcases.TestCase3</td><td><a href="#m7">userRegistr</a></td><td rowspan="1">1694733092021</td><td rowspan="1">0</td></tr><tr class="failedeven"><td rowspan="1">testcases.TestFailure</td><td><a href="#m8">doLogin</a></td><td rowspan="1">1694733092025</td><td rowspan="1">0</td></tr><tr><th colspan="4">Surefire test &#8212; skipped</th></tr><tr class="skippedeven"><td rowspan="1">testcases.TestCase3</td><td><a href="#m9">doLogin</a></td><td rowspan="1">1694733092023</td><td rowspan="1">0</td></tr><tr class="skippedodd"><td rowspan="1">testcases.TestSkip</td><td><a href="#m10">isSkip</a></td><td rowspan="1">1694733092024</td><td rowspan="1">0</td></tr><tr><th colspan="4">Surefire test &#8212; passed</th></tr><tr class="passedeven"><td rowspan="2">parallelTest.TestInvocation</td><td><a href="#m11">executeTest</a></td><td rowspan="2">1694733084087</td><td rowspan="2">5405</td></tr><tr class="passedeven"><td><a href="#m12">executeTest</a></td></tr><tr class="passedodd"><td rowspan="2">parallelTest.TestParallelDP</td><td><a href="#m13">doLogin</a></td><td rowspan="2">1694733089978</td><td rowspan="2">2006</td></tr><tr class="passedodd"><td><a href="#m14">doLogin</a></td></tr><tr class="passedeven"><td rowspan="2">regression.TestCase1</td><td><a href="#m15">doLogin</a></td><td rowspan="1">1694733092017</td><td rowspan="1">0</td></tr><tr class="passedeven"><td><a href="#m16">userRegistr</a></td><td rowspan="1">1694733092015</td><td rowspan="1">0</td></tr><tr class="passedodd"><td rowspan="2">testcases.TestCase1</td><td><a href="#m17">doLogin</a></td><td rowspan="1">1694733092020</td><td rowspan="1">0</td></tr><tr class="passedodd"><td><a href="#m18">userRegistr</a></td><td rowspan="1">1694733092019</td><td rowspan="1">0</td></tr><tr class="passedeven"><td rowspan="2">testcases.TestCase3</td><td><a href="#m19">fourthTest</a></td><td rowspan="1">1694733092024</td><td rowspan="1">0</td></tr><tr class="passedeven"><td><a href="#m20">thirdTest</a></td><td rowspan="1">1694733092023</td><td rowspan="1">0</td></tr></tbody>
</table>
<h2>Surefire test</h2><h3 id="m0">parallelTest.TestBrowser#doLogin</h3><table class="result"><tr><th>Exception</th></tr><tr><td><div class="stacktrace">org.testng.TestNGException: 
Parameter &apos;browser&apos; is required by @Test on method doLogin but has not been marked @Optional or defined

	at java.base/java.util.ArrayList.forEach(ArrayList.java:1511)
... Removed 31 stack frames</div></td></tr></table><p class="totop"><a href="#summary">back to summary</a></p>
<h3 id="m1">parallelTest.TestInvocation#executeTest</h3><table class="result"><tr><th>Exception</th></tr><tr><td><div class="stacktrace">org.openqa.selenium.NoSuchSessionException: Session ID is null. Using WebDriver after calling quit()?
Build info: version: &apos;4.12.0&apos;, revision: &apos;249f2a7d1b*&apos;
System info: os.name: &apos;Mac OS X&apos;, os.arch: &apos;aarch64&apos;, os.version: &apos;13.3.1&apos;, java.version: &apos;18.0.2.1&apos;
Driver info: org.openqa.selenium.chrome.ChromeDriver
Command: [null, getTitle {}]
Capabilities {acceptInsecureCerts: false, browserName: chrome, browserVersion: 116.0.5845.187, chrome: {chromedriverVersion: 116.0.5845.96 (1a3918166880..., userDataDir: /var/folders/7s/yrdh04rs3lz...}, fedcm:accounts: true, goog:chromeOptions: {debuggerAddress: localhost:51290}, networkConnectionEnabled: false, pageLoadStrategy: normal, platformName: mac, proxy: Proxy(), se:cdp: ws://localhost:51290/devtoo..., se:cdpVersion: 116.0.5845.187, setWindowRect: true, strictFileInteractability: false, timeouts: {implicit: 0, pageLoad: 300000, script: 30000}, unhandledPromptBehavior: dismiss and notify, webauthn:extension:credBlob: true, webauthn:extension:largeBlob: true, webauthn:extension:minPinLength: true, webauthn:extension:prf: true, webauthn:virtualAuthenticators: true}
	at org.openqa.selenium.remote.HttpCommandExecutor.execute(HttpCommandExecutor.java:152)
	at org.openqa.selenium.remote.service.DriverCommandExecutor.invokeExecute(DriverCommandExecutor.java:196)
	at org.openqa.selenium.remote.service.DriverCommandExecutor.execute(DriverCommandExecutor.java:171)
	at org.openqa.selenium.remote.RemoteWebDriver.execute(RemoteWebDriver.java:602)
	at org.openqa.selenium.remote.RemoteWebDriver.execute(RemoteWebDriver.java:675)
	at org.openqa.selenium.remote.RemoteWebDriver.execute(RemoteWebDriver.java:679)
	at org.openqa.selenium.remote.RemoteWebDriver.getTitle(RemoteWebDriver.java:309)
	at parallelTest.TestInvocation.executeTest(TestInvocation.java:11)
	at java.base/java.util.concurrent.FutureTask.run(FutureTask.java:264)
	at java.base/java.util.concurrent.ThreadPoolExecutor.runWorker(ThreadPoolExecutor.java:1136)
	at java.base/java.util.concurrent.ThreadPoolExecutor$Worker.run(ThreadPoolExecutor.java:635)
	at java.base/java.lang.Thread.run(Thread.java:833)
... Removed 11 stack frames</div></td></tr></table><p class="totop"><a href="#summary">back to summary</a></p>
<h3 id="m2">parallelTest.TestInvocation#executeTest</h3><table class="result"><tr><th>Exception</th></tr><tr><td><div class="stacktrace">org.openqa.selenium.NoSuchSessionException: Session ID is null. Using WebDriver after calling quit()?
Build info: version: &apos;4.12.0&apos;, revision: &apos;249f2a7d1b*&apos;
System info: os.name: &apos;Mac OS X&apos;, os.arch: &apos;aarch64&apos;, os.version: &apos;13.3.1&apos;, java.version: &apos;18.0.2.1&apos;
Driver info: org.openqa.selenium.chrome.ChromeDriver
Command: [null, getTitle {}]
Capabilities {acceptInsecureCerts: false, browserName: chrome, browserVersion: 116.0.5845.187, chrome: {chromedriverVersion: 116.0.5845.96 (1a3918166880..., userDataDir: /var/folders/7s/yrdh04rs3lz...}, fedcm:accounts: true, goog:chromeOptions: {debuggerAddress: localhost:51290}, networkConnectionEnabled: false, pageLoadStrategy: normal, platformName: mac, proxy: Proxy(), se:cdp: ws://localhost:51290/devtoo..., se:cdpVersion: 116.0.5845.187, setWindowRect: true, strictFileInteractability: false, timeouts: {implicit: 0, pageLoad: 300000, script: 30000}, unhandledPromptBehavior: dismiss and notify, webauthn:extension:credBlob: true, webauthn:extension:largeBlob: true, webauthn:extension:minPinLength: true, webauthn:extension:prf: true, webauthn:virtualAuthenticators: true}
	at org.openqa.selenium.remote.HttpCommandExecutor.execute(HttpCommandExecutor.java:152)
	at org.openqa.selenium.remote.service.DriverCommandExecutor.invokeExecute(DriverCommandExecutor.java:196)
	at org.openqa.selenium.remote.service.DriverCommandExecutor.execute(DriverCommandExecutor.java:171)
	at org.openqa.selenium.remote.RemoteWebDriver.execute(RemoteWebDriver.java:602)
	at org.openqa.selenium.remote.RemoteWebDriver.execute(RemoteWebDriver.java:675)
	at org.openqa.selenium.remote.RemoteWebDriver.execute(RemoteWebDriver.java:679)
	at org.openqa.selenium.remote.RemoteWebDriver.getTitle(RemoteWebDriver.java:309)
	at parallelTest.TestInvocation.executeTest(TestInvocation.java:11)
	at java.base/java.util.concurrent.FutureTask.run(FutureTask.java:264)
	at java.base/java.util.concurrent.ThreadPoolExecutor.runWorker(ThreadPoolExecutor.java:1136)
	at java.base/java.util.concurrent.ThreadPoolExecutor$Worker.run(ThreadPoolExecutor.java:635)
	at java.base/java.lang.Thread.run(Thread.java:833)
... Removed 11 stack frames</div></td></tr></table><p class="totop"><a href="#summary">back to summary</a></p>
<h3 id="m3">parallelTest.TestInvocation#executeTest</h3><table class="result"><tr><th>Exception</th></tr><tr><td><div class="stacktrace">org.openqa.selenium.NoSuchSessionException: Session ID is null. Using WebDriver after calling quit()?
Build info: version: &apos;4.12.0&apos;, revision: &apos;249f2a7d1b*&apos;
System info: os.name: &apos;Mac OS X&apos;, os.arch: &apos;aarch64&apos;, os.version: &apos;13.3.1&apos;, java.version: &apos;18.0.2.1&apos;
Driver info: org.openqa.selenium.chrome.ChromeDriver
Command: [null, getTitle {}]
Capabilities {acceptInsecureCerts: false, browserName: chrome, browserVersion: 116.0.5845.187, chrome: {chromedriverVersion: 116.0.5845.96 (1a3918166880..., userDataDir: /var/folders/7s/yrdh04rs3lz...}, fedcm:accounts: true, goog:chromeOptions: {debuggerAddress: localhost:51290}, networkConnectionEnabled: false, pageLoadStrategy: normal, platformName: mac, proxy: Proxy(), se:cdp: ws://localhost:51290/devtoo..., se:cdpVersion: 116.0.5845.187, setWindowRect: true, strictFileInteractability: false, timeouts: {implicit: 0, pageLoad: 300000, script: 30000}, unhandledPromptBehavior: dismiss and notify, webauthn:extension:credBlob: true, webauthn:extension:largeBlob: true, webauthn:extension:minPinLength: true, webauthn:extension:prf: true, webauthn:virtualAuthenticators: true}
	at org.openqa.selenium.remote.HttpCommandExecutor.execute(HttpCommandExecutor.java:152)
	at org.openqa.selenium.remote.service.DriverCommandExecutor.invokeExecute(DriverCommandExecutor.java:196)
	at org.openqa.selenium.remote.service.DriverCommandExecutor.execute(DriverCommandExecutor.java:171)
	at org.openqa.selenium.remote.RemoteWebDriver.execute(RemoteWebDriver.java:602)
	at org.openqa.selenium.remote.RemoteWebDriver.execute(RemoteWebDriver.java:675)
	at org.openqa.selenium.remote.RemoteWebDriver.execute(RemoteWebDriver.java:679)
	at org.openqa.selenium.remote.RemoteWebDriver.getTitle(RemoteWebDriver.java:309)
	at parallelTest.TestInvocation.executeTest(TestInvocation.java:11)
	at java.base/java.util.concurrent.FutureTask.run(FutureTask.java:264)
	at java.base/java.util.concurrent.ThreadPoolExecutor.runWorker(ThreadPoolExecutor.java:1136)
	at java.base/java.util.concurrent.ThreadPoolExecutor$Worker.run(ThreadPoolExecutor.java:635)
	at java.base/java.lang.Thread.run(Thread.java:833)
... Removed 11 stack frames</div></td></tr></table><p class="totop"><a href="#summary">back to summary</a></p>
<h3 id="m4">parameterization.TestParameterization#doLogin</h3><table class="result"><tr><th>Exception</th></tr><tr><td><div class="stacktrace">org.testng.TestNGException: 
Cannot inject @Test annotated Method [doLogin] with [class java.lang.String, class java.lang.String].
For more information on native dependency injection please refer to https://testng.org/doc/documentation-main.html#native-dependency-injection
	at java.base/java.util.ArrayList.forEach(ArrayList.java:1511)
... Removed 31 stack frames</div></td></tr></table><p class="totop"><a href="#summary">back to summary</a></p>
<h3 id="m5">regression.TestCase2#validateTitles</h3><table class="result"><tr><th>Exception</th></tr><tr><td><div class="stacktrace">java.lang.AssertionError: The following asserts failed:
	expected [Yahoo.com] but found [gmail.com],
	expected [false] but found [true],
	expected [false] but found [true]
	at regression.TestCase2.validateTitles(TestCase2.java:25)
	at java.base/java.util.ArrayList.forEach(ArrayList.java:1511)
... Removed 32 stack frames</div></td></tr></table><p class="totop"><a href="#summary">back to summary</a></p>
<h3 id="m6">testcases.TestCase2#validateTitles</h3><table class="result"><tr><th>Exception</th></tr><tr><td><div class="stacktrace">java.lang.AssertionError: The following asserts failed:
	expected [Yahoo.com] but found [gmail.com],
	expected [false] but found [true],
	expected [false] but found [true]
	at testcases.TestCase2.validateTitles(TestCase2.java:26)
	at java.base/java.util.ArrayList.forEach(ArrayList.java:1511)
... Removed 32 stack frames</div></td></tr></table><p class="totop"><a href="#summary">back to summary</a></p>
<h3 id="m7">testcases.TestCase3#userRegistr</h3><table class="result"><tr><th>Exception</th></tr><tr><td><div class="stacktrace">java.lang.AssertionError: User was not regisrered
	at testcases.TestCase3.userRegistr(TestCase3.java:11)
	at java.base/java.util.ArrayList.forEach(ArrayList.java:1511)
... Removed 31 stack frames</div></td></tr></table><p class="totop"><a href="#summary">back to summary</a></p>
<h3 id="m8">testcases.TestFailure#doLogin</h3><table class="result"><tr><th>Exception</th></tr><tr><td><div class="stacktrace">java.lang.AssertionError: null
	at testcases.TestFailure.doLogin(TestFailure.java:10)
	at java.base/java.util.ArrayList.forEach(ArrayList.java:1511)
... Removed 32 stack frames</div></td></tr></table><p class="totop"><a href="#summary">back to summary</a></p>
<h3 id="m9">testcases.TestCase3#doLogin</h3><table class="result"><tr><th>Exception</th></tr><tr><td><div class="stacktrace">java.lang.Throwable: Method testcases.TestCase3.doLogin() on instance testcases.TestCase3@4c15e7fd depends on not successfully finished methods 
[testcases.TestCase3.userRegistr() on instance testcases.TestCase3@4c15e7fd]
	at java.base/java.util.ArrayList.forEach(ArrayList.java:1511)
... Removed 23 stack frames</div></td></tr></table><p class="totop"><a href="#summary">back to summary</a></p>
<h3 id="m10">testcases.TestSkip#isSkip</h3><table class="result"><tr><th>Exception</th></tr><tr><td><div class="stacktrace">org.testng.SkipException: Skipping the test
	at testcases.TestSkip.isSkip(TestSkip.java:10)
	at java.base/java.util.ArrayList.forEach(ArrayList.java:1511)
... Removed 30 stack frames</div></td></tr></table><p class="totop"><a href="#summary">back to summary</a></p>
<h3 id="m11">parallelTest.TestInvocation#executeTest</h3><table class="result"><tr><th class="invisible"/></tr></table><p class="totop"><a href="#summary">back to summary</a></p>
<h3 id="m12">parallelTest.TestInvocation#executeTest</h3><table class="result"><tr><th class="invisible"/></tr></table><p class="totop"><a href="#summary">back to summary</a></p>
<h3 id="m13">parallelTest.TestParallelDP#doLogin</h3><table class="result"><tr class="param"><th>Parameter #1</th></tr><tr class="param stripe"><td>firefox</td></tr></table><p class="totop"><a href="#summary">back to summary</a></p>
<h3 id="m14">parallelTest.TestParallelDP#doLogin</h3><table class="result"><tr class="param"><th>Parameter #1</th></tr><tr class="param stripe"><td>chrome</td></tr></table><p class="totop"><a href="#summary">back to summary</a></p>
<h3 id="m15">regression.TestCase1#doLogin</h3><table class="result"><tr><th class="invisible"/></tr></table><p class="totop"><a href="#summary">back to summary</a></p>
<h3 id="m16">regression.TestCase1#userRegistr</h3><table class="result"><tr><th class="invisible"/></tr></table><p class="totop"><a href="#summary">back to summary</a></p>
<h3 id="m17">testcases.TestCase1#doLogin</h3><table class="result"><tr><th class="invisible"/></tr></table><p class="totop"><a href="#summary">back to summary</a></p>
<h3 id="m18">testcases.TestCase1#userRegistr</h3><table class="result"><tr><th class="invisible"/></tr></table><p class="totop"><a href="#summary">back to summary</a></p>
<h3 id="m19">testcases.TestCase3#fourthTest</h3><table class="result"><tr><th class="invisible"/></tr></table><p class="totop"><a href="#summary">back to summary</a></p>
<h3 id="m20">testcases.TestCase3#thirdTest</h3><table class="result"><tr><th class="invisible"/></tr></table><p class="totop"><a href="#summary">back to summary</a></p>
</body>
</html>
